[debug] [2020-01-29T21:06:32.686Z] ----------------------------------------------------------------------
[debug] [2020-01-29T21:06:32.691Z] Command:       C:\Program Files\nodejs\node.exe C:\Users\v-chraro\AppData\Roaming\npm\node_modules\firebase-tools\lib\bin\firebase.js serve
[debug] [2020-01-29T21:06:32.691Z] CLI Version:   7.12.1
[debug] [2020-01-29T21:06:32.691Z] Platform:      win32
[debug] [2020-01-29T21:06:32.691Z] Node Version:  v10.13.0
[debug] [2020-01-29T21:06:32.693Z] Time:          Wed Jan 29 2020 13:06:32 GMT-0800 (Pacific Standard Time)
[debug] [2020-01-29T21:06:32.694Z] ----------------------------------------------------------------------
[debug] [2020-01-29T21:06:32.694Z] 
[debug] [2020-01-29T21:06:32.720Z] > command requires scopes: ["email","openid","https://www.googleapis.com/auth/cloudplatformprojects.readonly","https://www.googleapis.com/auth/firebase","https://www.googleapis.com/auth/cloud-platform"]
[debug] [2020-01-29T21:06:32.721Z] > authorizing via signed-in user
[debug] [2020-01-29T21:06:32.722Z] [iam] checking project splitsbyspotify for permissions ["firebase.projects.get"]
[debug] [2020-01-29T21:06:32.724Z] >>> HTTP REQUEST POST https://cloudresourcemanager.googleapis.com/v1/projects/splitsbyspotify:testIamPermissions  

[debug] [2020-01-29T21:06:32.914Z] <<< HTTP RESPONSE 200
[debug] [2020-01-29T21:06:32.916Z] >>> HTTP REQUEST GET https://firebase.googleapis.com/v1beta1/projects/splitsbyspotify  
 
[debug] [2020-01-29T21:06:33.094Z] <<< HTTP RESPONSE 200
[info] 
[info] === Serving from 'C:\Users\v-chraro\Desktop\Github\splitsbyspotify'...
[info] 
[warn] !  Your requested "node" version "8" doesn't match your global version "10"
[info] +  functions: Emulator started at http://localhost:5000
[info] i  functions: Watching "C:\Users\v-chraro\Desktop\Github\splitsbyspotify\functions" for Cloud Functions...
[debug] [2020-01-29T21:06:34.656Z] [worker-pool] addWorker(~diagnostic~)
[debug] [2020-01-29T21:06:34.656Z] [worker-pool] Adding worker with key ~diagnostic~, total=1
[debug] [2020-01-29T21:06:34.657Z] [worker-pool] submitWork(triggerId=)
[debug] [2020-01-29T21:06:34.657Z] [worker-~diagnostic~-15894344-78ae-4dbd-8971-88642299323a]: Assigning socketPath: \\?\pipe\C:\Users\v-chraro\Desktop\Github\splitsbyspotify\functions\89860
[debug] [2020-01-29T21:06:34.658Z] [worker-~diagnostic~-15894344-78ae-4dbd-8971-88642299323a]: BUSY
[debug] [2020-01-29T21:06:36.119Z] [runtime-status] [89860] Functions runtime initialized. {"cwd":"C:\\Users\\v-chraro\\Desktop\\Github\\splitsbyspotify\\functions","node_version":"10.13.0"}
[debug] [2020-01-29T21:06:36.123Z] [runtime-status] [89860] Disabled runtime features: {"functions_config_helper":true,"network_filtering":true,"timeout":true,"memory_limiting":true,"admin_stubs":true,"pubsub_emulator":true}
[debug] [2020-01-29T21:06:36.133Z] [runtime-status] [89860] Resolved module firebase-admin {"declared":true,"installed":true,"version":"8.9.2","resolution":"C:\\Users\\v-chraro\\Desktop\\Github\\splitsbyspotify\\functions\\node_modules\\firebase-admin\\lib\\index.js"}
[debug] [2020-01-29T21:06:36.138Z] [runtime-status] [89860] Resolved module firebase-functions {"declared":true,"installed":true,"version":"3.3.0","resolution":"C:\\Users\\v-chraro\\Desktop\\Github\\splitsbyspotify\\functions\\node_modules\\firebase-functions\\lib\\index.js"}
[debug] [2020-01-29T21:06:36.141Z] [runtime-status] [89860] Resolved module firebase-functions {"declared":true,"installed":true,"version":"3.3.0","resolution":"C:\\Users\\v-chraro\\Desktop\\Github\\splitsbyspotify\\functions\\node_modules\\firebase-functions\\lib\\index.js"}
[info] +  functions[api]: http function initialized (http://localhost:5000/splitsbyspotify/us-central1/api).
[debug] [2020-01-29T21:06:38.166Z] [worker-~diagnostic~-15894344-78ae-4dbd-8971-88642299323a]: IDLE
[debug] [2020-01-29T21:06:41.352Z] [work-queue] {"queueLength":1,"workRunningCount":0}
[debug] [2020-01-29T21:06:41.352Z] [work-queue] {"queueLength":0,"workRunningCount":1}
[debug] [2020-01-29T21:06:41.353Z] Accepted request POST /splitsbyspotify/us-central1/api/signup --> api
[debug] [2020-01-29T21:06:41.361Z] [worker-pool] addWorker(api)
[debug] [2020-01-29T21:06:41.361Z] [worker-pool] Adding worker with key api, total=1
[debug] [2020-01-29T21:06:41.361Z] [worker-pool] submitWork(triggerId=api)
[debug] [2020-01-29T21:06:41.361Z] [worker-api-78fbdec3-035b-4e2c-b510-10569bcffadf]: Assigning socketPath: \\?\pipe\C:\Users\v-chraro\Desktop\Github\splitsbyspotify\functions\37436
[debug] [2020-01-29T21:06:41.361Z] [worker-api-78fbdec3-035b-4e2c-b510-10569bcffadf]: BUSY
[debug] [2020-01-29T21:06:42.350Z] [runtime-status] [37436] Functions runtime initialized. {"cwd":"C:\\Users\\v-chraro\\Desktop\\Github\\splitsbyspotify\\functions","node_version":"10.13.0"}
[debug] [2020-01-29T21:06:42.357Z] [runtime-status] [37436] Disabled runtime features: {"functions_config_helper":true,"network_filtering":true,"timeout":true,"memory_limiting":true,"admin_stubs":true,"pubsub_emulator":true}
[debug] [2020-01-29T21:06:42.364Z] [runtime-status] [37436] Resolved module firebase-admin {"declared":true,"installed":true,"version":"8.9.2","resolution":"C:\\Users\\v-chraro\\Desktop\\Github\\splitsbyspotify\\functions\\node_modules\\firebase-admin\\lib\\index.js"}
[debug] [2020-01-29T21:06:42.370Z] [runtime-status] [37436] Resolved module firebase-functions {"declared":true,"installed":true,"version":"3.3.0","resolution":"C:\\Users\\v-chraro\\Desktop\\Github\\splitsbyspotify\\functions\\node_modules\\firebase-functions\\lib\\index.js"}
[debug] [2020-01-29T21:06:42.373Z] [runtime-status] [37436] Resolved module firebase-functions {"declared":true,"installed":true,"version":"3.3.0","resolution":"C:\\Users\\v-chraro\\Desktop\\Github\\splitsbyspotify\\functions\\node_modules\\firebase-functions\\lib\\index.js"}
[debug] [2020-01-29T21:06:44.187Z] [runtime-status] [37436] Trigger "api" has been found, beginning invocation!
[info] i  functions: Beginning execution of "api"
[debug] [2020-01-29T21:06:44.188Z] [runtime-status] [37436] triggerDefinition {"httpsTrigger":{},"name":"api","entryPoint":"api"}
[debug] [2020-01-29T21:06:44.189Z] [runtime-status] [37436] Running api in mode HTTPS
[debug] [2020-01-29T21:06:44.196Z] [runtime-status] [37436] Attempting to listen to socketPath: \\?\pipe\C:\Users\v-chraro\Desktop\Github\splitsbyspotify\functions\37436
[debug] [2020-01-29T21:06:44.204Z] [functions] Runtime ready! Sending request!
[debug] [2020-01-29T21:06:44.251Z] [runtime-status] [37436] Ephemeral server handling POST request
[debug] [2020-01-29T21:06:44.259Z] [runtime-status] [37436] Ephemeral server survived.
[info] >  ReferenceError: data is not defined
[info] >      at db.doc.get.then.then.then.then (C:\Users\v-chraro\Desktop\Github\splitsbyspotify\functions\index.js:110:60)
[info] i  functions: Finished "api" in ~2s
[debug] [2020-01-29T21:06:46.512Z] [worker-api-78fbdec3-035b-4e2c-b510-10569bcffadf]: IDLE
[debug] [2020-01-29T21:06:46.512Z] [work-queue] {"queueLength":0,"workRunningCount":0}
[debug] [2020-01-29T21:07:04.773Z] File C:\Users\v-chraro\Desktop\Github\splitsbyspotify\functions\index.js changed, reloading triggers
[debug] [2020-01-29T21:07:05.775Z] [worker-pool] Shutting down IDLE worker (~diagnostic~)
[debug] [2020-01-29T21:07:05.775Z] [worker-~diagnostic~-15894344-78ae-4dbd-8971-88642299323a]: FINISHING
[debug] [2020-01-29T21:07:05.776Z] [worker-pool] Shutting down IDLE worker (api)
[debug] [2020-01-29T21:07:05.776Z] [worker-api-78fbdec3-035b-4e2c-b510-10569bcffadf]: FINISHING
[debug] [2020-01-29T21:07:05.785Z] [worker-pool] addWorker(~diagnostic~)
[debug] [2020-01-29T21:07:05.786Z] [worker-pool] Adding worker with key ~diagnostic~, total=2
[debug] [2020-01-29T21:07:05.786Z] [worker-pool] submitWork(triggerId=)
[debug] [2020-01-29T21:07:05.786Z] [worker-~diagnostic~-224f6de3-97dc-4089-9600-39631cf609e0]: Assigning socketPath: \\?\pipe\C:\Users\v-chraro\Desktop\Github\splitsbyspotify\functions\11848
[debug] [2020-01-29T21:07:05.786Z] [worker-~diagnostic~-224f6de3-97dc-4089-9600-39631cf609e0]: BUSY
[debug] [2020-01-29T21:07:05.824Z] [worker-~diagnostic~-15894344-78ae-4dbd-8971-88642299323a]: exited
[debug] [2020-01-29T21:07:05.824Z] [worker-~diagnostic~-15894344-78ae-4dbd-8971-88642299323a]: FINISHED
[debug] [2020-01-29T21:07:05.833Z] [worker-api-78fbdec3-035b-4e2c-b510-10569bcffadf]: exited
[debug] [2020-01-29T21:07:05.833Z] [worker-api-78fbdec3-035b-4e2c-b510-10569bcffadf]: FINISHED
[debug] [2020-01-29T21:07:07.035Z] [runtime-status] [11848] Functions runtime initialized. {"cwd":"C:\\Users\\v-chraro\\Desktop\\Github\\splitsbyspotify\\functions","node_version":"10.13.0"}
[debug] [2020-01-29T21:07:07.042Z] [runtime-status] [11848] Disabled runtime features: {"functions_config_helper":true,"network_filtering":true,"timeout":true,"memory_limiting":true,"admin_stubs":true,"pubsub_emulator":true}
[debug] [2020-01-29T21:07:07.050Z] [runtime-status] [11848] Resolved module firebase-admin {"declared":true,"installed":true,"version":"8.9.2","resolution":"C:\\Users\\v-chraro\\Desktop\\Github\\splitsbyspotify\\functions\\node_modules\\firebase-admin\\lib\\index.js"}
[debug] [2020-01-29T21:07:07.056Z] [runtime-status] [11848] Resolved module firebase-functions {"declared":true,"installed":true,"version":"3.3.0","resolution":"C:\\Users\\v-chraro\\Desktop\\Github\\splitsbyspotify\\functions\\node_modules\\firebase-functions\\lib\\index.js"}
[debug] [2020-01-29T21:07:07.059Z] [runtime-status] [11848] Resolved module firebase-functions {"declared":true,"installed":true,"version":"3.3.0","resolution":"C:\\Users\\v-chraro\\Desktop\\Github\\splitsbyspotify\\functions\\node_modules\\firebase-functions\\lib\\index.js"}
[debug] [2020-01-29T21:07:08.939Z] [worker-~diagnostic~-224f6de3-97dc-4089-9600-39631cf609e0]: IDLE
[debug] [2020-01-29T21:07:43.543Z] [work-queue] {"queueLength":1,"workRunningCount":0}
[debug] [2020-01-29T21:07:43.544Z] [work-queue] {"queueLength":0,"workRunningCount":1}
[debug] [2020-01-29T21:07:43.544Z] Accepted request POST /splitsbyspotify/us-central1/api/signup --> api
[debug] [2020-01-29T21:07:43.544Z] [worker-pool] Cleaned up workers for ~diagnostic~: 2 --> 1
[debug] [2020-01-29T21:07:43.544Z] [worker-pool] Cleaned up workers for api: 1 --> 0
[debug] [2020-01-29T21:07:43.553Z] [worker-pool] addWorker(api)
[debug] [2020-01-29T21:07:43.553Z] [worker-pool] Adding worker with key api, total=1
[debug] [2020-01-29T21:07:43.553Z] [worker-pool] submitWork(triggerId=api)
[debug] [2020-01-29T21:07:43.553Z] [worker-api-6fb0f879-3688-4357-acac-a01aa2312e97]: Assigning socketPath: \\?\pipe\C:\Users\v-chraro\Desktop\Github\splitsbyspotify\functions\70560
[debug] [2020-01-29T21:07:43.553Z] [worker-api-6fb0f879-3688-4357-acac-a01aa2312e97]: BUSY
[debug] [2020-01-29T21:07:44.529Z] [runtime-status] [70560] Functions runtime initialized. {"cwd":"C:\\Users\\v-chraro\\Desktop\\Github\\splitsbyspotify\\functions","node_version":"10.13.0"}
[debug] [2020-01-29T21:07:44.533Z] [runtime-status] [70560] Disabled runtime features: {"functions_config_helper":true,"network_filtering":true,"timeout":true,"memory_limiting":true,"admin_stubs":true,"pubsub_emulator":true}
[debug] [2020-01-29T21:07:44.543Z] [runtime-status] [70560] Resolved module firebase-admin {"declared":true,"installed":true,"version":"8.9.2","resolution":"C:\\Users\\v-chraro\\Desktop\\Github\\splitsbyspotify\\functions\\node_modules\\firebase-admin\\lib\\index.js"}
[debug] [2020-01-29T21:07:44.546Z] [runtime-status] [70560] Resolved module firebase-functions {"declared":true,"installed":true,"version":"3.3.0","resolution":"C:\\Users\\v-chraro\\Desktop\\Github\\splitsbyspotify\\functions\\node_modules\\firebase-functions\\lib\\index.js"}
[debug] [2020-01-29T21:07:44.548Z] [runtime-status] [70560] Resolved module firebase-functions {"declared":true,"installed":true,"version":"3.3.0","resolution":"C:\\Users\\v-chraro\\Desktop\\Github\\splitsbyspotify\\functions\\node_modules\\firebase-functions\\lib\\index.js"}
[debug] [2020-01-29T21:07:46.167Z] [runtime-status] [70560] Trigger "api" has been found, beginning invocation!
[info] i  functions: Beginning execution of "api"
[debug] [2020-01-29T21:07:46.169Z] [runtime-status] [70560] triggerDefinition {"httpsTrigger":{},"name":"api","entryPoint":"api"}
[debug] [2020-01-29T21:07:46.169Z] [runtime-status] [70560] Running api in mode HTTPS
[debug] [2020-01-29T21:07:46.176Z] [runtime-status] [70560] Attempting to listen to socketPath: \\?\pipe\C:\Users\v-chraro\Desktop\Github\splitsbyspotify\functions\70560
[debug] [2020-01-29T21:07:46.181Z] [functions] Runtime ready! Sending request!
[debug] [2020-01-29T21:07:46.219Z] [runtime-status] [70560] Ephemeral server handling POST request
[debug] [2020-01-29T21:07:46.226Z] [runtime-status] [70560] Ephemeral server survived.
[info] >  { [Error: The email address is already in use by another account.]
[info] >    code: 'auth/email-already-in-use',
[info] >    message: 'The email address is already in use by another account.' }
[info] i  functions: Finished "api" in ~1s
[debug] [2020-01-29T21:07:47.168Z] [worker-api-6fb0f879-3688-4357-acac-a01aa2312e97]: IDLE
[debug] [2020-01-29T21:07:47.169Z] [work-queue] {"queueLength":0,"workRunningCount":0}
[debug] [2020-01-29T21:07:54.366Z] [work-queue] {"queueLength":1,"workRunningCount":0}
[debug] [2020-01-29T21:07:54.366Z] [work-queue] {"queueLength":0,"workRunningCount":1}
[debug] [2020-01-29T21:07:54.366Z] Accepted request POST /splitsbyspotify/us-central1/api/signup --> api
[debug] [2020-01-29T21:07:54.366Z] [worker-pool] submitWork(triggerId=api)
[debug] [2020-01-29T21:07:54.366Z] [worker-api-6fb0f879-3688-4357-acac-a01aa2312e97]: Assigning socketPath: \\?\pipe\C:\Users\v-chraro\Desktop\Github\splitsbyspotify\functions\70560
[debug] [2020-01-29T21:07:54.367Z] [worker-api-6fb0f879-3688-4357-acac-a01aa2312e97]: BUSY
[debug] [2020-01-29T21:07:54.367Z] [runtime-status] [70560] Trigger "api" has been found, beginning invocation!
[info] i  functions: Beginning execution of "api"
[debug] [2020-01-29T21:07:54.368Z] [runtime-status] [70560] triggerDefinition {"httpsTrigger":{},"name":"api","entryPoint":"api"}
[debug] [2020-01-29T21:07:54.368Z] [runtime-status] [70560] Running api in mode HTTPS
[debug] [2020-01-29T21:07:54.369Z] [runtime-status] [70560] Attempting to listen to socketPath: \\?\pipe\C:\Users\v-chraro\Desktop\Github\splitsbyspotify\functions\70560
[debug] [2020-01-29T21:07:54.370Z] [functions] Runtime ready! Sending request!
[debug] [2020-01-29T21:07:54.374Z] [runtime-status] [70560] Ephemeral server handling POST request
[debug] [2020-01-29T21:07:54.374Z] [runtime-status] [70560] Ephemeral server survived.
[info] i  functions: Finished "api" in ~1s
[debug] [2020-01-29T21:07:55.603Z] [worker-api-6fb0f879-3688-4357-acac-a01aa2312e97]: IDLE
[debug] [2020-01-29T21:07:55.603Z] [work-queue] {"queueLength":0,"workRunningCount":0}
